[debug] [2024-01-28T17:58:37.124Z] ----------------------------------------------------------------------
[debug] [2024-01-28T17:58:37.131Z] Command:       C:\Program Files\nodejs\node.exe C:\Users\Ammar Saidi\AppData\Roaming\npm\node_modules\firebase-tools\lib\bin\firebase.js login
[debug] [2024-01-28T17:58:37.132Z] CLI Version:   13.1.0
[debug] [2024-01-28T17:58:37.133Z] Platform:      win32
[debug] [2024-01-28T17:58:37.134Z] Node Version:  v18.15.0
[debug] [2024-01-28T17:58:37.135Z] Time:          Sun Jan 28 2024 20:58:37 GMT+0300 (GMT+03:00)
[debug] [2024-01-28T17:58:37.136Z] ----------------------------------------------------------------------
[debug] 
[debug] [2024-01-28T17:58:37.146Z] >>> [apiv2][query] GET https://firebase-public.firebaseio.com/cli.json [none]
[info] i  Firebase optionally collects CLI and Emulator Suite usage and error reporting information to help improve our products. Data is collected in accordance with Google's privacy policy (https://policies.google.com/privacy) and is not used to identify you.
 
[debug] [2024-01-28T17:58:37.851Z] <<< [apiv2][status] GET https://firebase-public.firebaseio.com/cli.json 200
[debug] [2024-01-28T17:58:37.852Z] <<< [apiv2][body] GET https://firebase-public.firebaseio.com/cli.json {"cloudBuildErrorAfter":1594252800000,"cloudBuildWarnAfter":1590019200000,"defaultNode10After":1594252800000,"minVersion":"3.0.5","node8DeploysDisabledAfter":1613390400000,"node8RuntimeDisabledAfter":1615809600000,"node8WarnAfter":1600128000000}
[info] i  To change your data collection preference at any time, run `firebase logout` and log in again. 
[info] 
[info] Visit this URL on this device to log in:
[info] https://accounts.google.com/o/oauth2/auth?client_id=563584335869-fgrhgmd47bqnekij5i8b5pr03ho849e6.apps.googleusercontent.com&scope=email%20openid%20https%3A%2F%2Fwww.googleapis.com%2Fauth%2Fcloudplatformprojects.readonly%20https%3A%2F%2Fwww.googleapis.com%2Fauth%2Ffirebase%20https%3A%2F%2Fwww.googleapis.com%2Fauth%2Fcloud-platform&response_type=code&state=966720849&redirect_uri=http%3A%2F%2Flocalhost%3A9005
[info] 
[info] Waiting for authentication...
[debug] [2024-01-28T17:59:33.173Z] >>> [apiv2][query] POST https://auth.firebase.tools/attest [none]
[debug] [2024-01-28T17:59:33.175Z] >>> [apiv2][body] POST https://auth.firebase.tools/attest {"session_id":"0d81a7de-7c6f-4b5e-9285-6f8ffc0220a5"}
[debug] [2024-01-28T17:59:33.987Z] <<< [apiv2][status] POST https://auth.firebase.tools/attest 200
[debug] [2024-01-28T17:59:33.987Z] <<< [apiv2][body] POST https://auth.firebase.tools/attest {"token":"MYbRBiegotsnH6gyKWVG0SD5UhyNTJolhuR1vcs0Dxc"}
[info] 
[info] To sign in to the Firebase CLI:
[info] 
[info] 1. Take note of your session ID:
[info] 
[info]    0D81A
[info] 
[info] 2. Visit the URL below on any device and follow the instructions to get your code:
[info] 
[info]    https://auth.firebase.tools/login?code_challenge=fGEG0apQTkUFPvy429kUEigsQYs6z0-JY_zQCkNGQ3I&session=0d81a7de-7c6f-4b5e-9285-6f8ffc0220a5&attest=MYbRBiegotsnH6gyKWVG0SD5UhyNTJolhuR1vcs0Dxc
[info] 
[info] 3. Paste or enter the authorization code below once you have it:
[info] 
